<?xml version="1.0" encoding="UTF-8" ?>
<testsuite errors="0" failures="0" hostname="Ondra-PC" name="cz.fit.cvut.paskaond.jsruntime.test.FlowControlTest" skipped="0" tests="10" time="0.215" timestamp="2015-02-11T10:58:54">
  <properties>
[...]
</properties>
  <testcase classname="cz.fit.cvut.paskaond.jsruntime.test.FlowControlTest" name="testFor" time="0.073" />
  <testcase classname="cz.fit.cvut.paskaond.jsruntime.test.FlowControlTest" name="testIF1" time="0.004" />
  <testcase classname="cz.fit.cvut.paskaond.jsruntime.test.FlowControlTest" name="testIF2" time="0.004" />
  <testcase classname="cz.fit.cvut.paskaond.jsruntime.test.FlowControlTest" name="testIF3" time="0.012" />
  <testcase classname="cz.fit.cvut.paskaond.jsruntime.test.FlowControlTest" name="testBreak" time="0.003" />
  <testcase classname="cz.fit.cvut.paskaond.jsruntime.test.FlowControlTest" name="testWhile" time="0.002" />
  <testcase classname="cz.fit.cvut.paskaond.jsruntime.test.FlowControlTest" name="testReturn2" time="0.005" />
  <testcase classname="cz.fit.cvut.paskaond.jsruntime.test.FlowControlTest" name="testReturn3" time="0.002" />
  <testcase classname="cz.fit.cvut.paskaond.jsruntime.test.FlowControlTest" name="testBreak2" time="0.002" />
  <testcase classname="cz.fit.cvut.paskaond.jsruntime.test.FlowControlTest" name="testReturn" time="0.002" />
  <system-out><![CDATA[]]></system-out>
  <system-err><![CDATA[]]></system-err>
</testsuite>
